

CmdLine:	C:\Users\Braden Steffaniak\Documents\GitHub\Workspace\ArrowIDE\ArrowIDE.exe --l4j-debug
WOW64:		yes
Check launcher:	 (n/a)
64-bit search:	SOFTWARE\JavaSoft\Java Runtime Environment...
Ignore:		SOFTWARE\JavaSoft\Java Runtime Environment\1.6
Match:		SOFTWARE\JavaSoft\Java Runtime Environment\1.6.0_32
Match:		SOFTWARE\JavaSoft\Java Runtime Environment\1.7
Match:		SOFTWARE\JavaSoft\Java Runtime Environment\1.7.0_25
Using 64-bit runtime.
64-bit search:	SOFTWARE\JavaSoft\Java Development Kit...
Ignore:		SOFTWARE\JavaSoft\Java Development Kit\1.7
Ignore:		SOFTWARE\JavaSoft\Java Development Kit\1.7.0_03
Using 64-bit runtime.
Check launcher:	C:\Program Files\Java\jre7\bin\javaw.exe (OK)
Launcher:	C:\Program Files\Java\jre7\bin\javaw.exe
Launcher args:	-jar "C:\Users\Braden Steffaniak\Documents\GitHub\Workspace\ArrowIDE\ArrowIDE.exe"
Args length:	82/32768 chars
Exit code:	0


CmdLine:	C:\Users\Braden Steffaniak\Documents\GitHub\Workspace\ArrowIDE\ArrowIDE.exe --l4j-debug
WOW64:		yes
Check launcher:	 (n/a)
64-bit search:	SOFTWARE\JavaSoft\Java Runtime Environment...
Ignore:		SOFTWARE\JavaSoft\Java Runtime Environment\1.6
Match:		SOFTWARE\JavaSoft\Java Runtime Environment\1.6.0_32
Match:		SOFTWARE\JavaSoft\Java Runtime Environment\1.7
Match:		SOFTWARE\JavaSoft\Java Runtime Environment\1.7.0_25
Using 64-bit runtime.
64-bit search:	SOFTWARE\JavaSoft\Java Development Kit...
Ignore:		SOFTWARE\JavaSoft\Java Development Kit\1.7
Ignore:		SOFTWARE\JavaSoft\Java Development Kit\1.7.0_03
Using 64-bit runtime.
Check launcher:	C:\Program Files\Java\jre7\bin\javaw.exe (OK)
Launcher:	C:\Program Files\Java\jre7\bin\javaw.exe
Launcher args:	-jar "C:\Users\Braden Steffaniak\Documents\GitHub\Workspace\ArrowIDE\ArrowIDE.exe"
Args length:	82/32768 chars
Exit code:	0


CmdLine:	C:\Users\Braden Steffaniak\Documents\GitHub\Workspace\ArrowIDE\ArrowIDE.exe --l4j-debug
WOW64:		yes
Check launcher:	 (n/a)
64-bit search:	SOFTWARE\JavaSoft\Java Runtime Environment...
Ignore:		SOFTWARE\JavaSoft\Java Runtime Environment\1.6
Match:		SOFTWARE\JavaSoft\Java Runtime Environment\1.6.0_32
Match:		SOFTWARE\JavaSoft\Java Runtime Environment\1.7
Match:		SOFTWARE\JavaSoft\Java Runtime Environment\1.7.0_25
Using 64-bit runtime.
64-bit search:	SOFTWARE\JavaSoft\Java Development Kit...
Ignore:		SOFTWARE\JavaSoft\Java Development Kit\1.7
Ignore:		SOFTWARE\JavaSoft\Java Development Kit\1.7.0_03
Using 64-bit runtime.
Check launcher:	C:\Program Files\Java\jre7\bin\javaw.exe (OK)
Launcher:	C:\Program Files\Java\jre7\bin\javaw.exe
Launcher args:	-jar "C:\Users\Braden Steffaniak\Documents\GitHub\Workspace\ArrowIDE\ArrowIDE.exe"
Args length:	82/32768 chars
Exit code:	0


CmdLine:	C:\Users\Braden Steffaniak\Documents\GitHub\Workspace\ArrowIDE\ArrowIDE.exe --l4j-debug
WOW64:		yes
Check launcher:	 (n/a)
64-bit search:	SOFTWARE\JavaSoft\Java Runtime Environment...
Ignore:		SOFTWARE\JavaSoft\Java Runtime Environment\1.6
Match:		SOFTWARE\JavaSoft\Java Runtime Environment\1.6.0_32
Match:		SOFTWARE\JavaSoft\Java Runtime Environment\1.7
Match:		SOFTWARE\JavaSoft\Java Runtime Environment\1.7.0_25
Using 64-bit runtime.
64-bit search:	SOFTWARE\JavaSoft\Java Development Kit...
Ignore:		SOFTWARE\JavaSoft\Java Development Kit\1.7
Ignore:		SOFTWARE\JavaSoft\Java Development Kit\1.7.0_03
Using 64-bit runtime.
Check launcher:	C:\Program Files\Java\jre7\bin\javaw.exe (OK)
Launcher:	C:\Program Files\Java\jre7\bin\javaw.exe
Launcher args:	-jar "C:\Users\Braden Steffaniak\Documents\GitHub\Workspace\ArrowIDE\ArrowIDE.exe"
Args length:	82/32768 chars
Exit code:	0


CmdLine:	C:\Users\Braden Steffaniak\Documents\GitHub\Workspace\ArrowIDE\ArrowIDE.exe --l4j-debug
WOW64:		yes
Check launcher:	 (n/a)
64-bit search:	SOFTWARE\JavaSoft\Java Runtime Environment...
Ignore:		SOFTWARE\JavaSoft\Java Runtime Environment\1.6
Match:		SOFTWARE\JavaSoft\Java Runtime Environment\1.6.0_32
Match:		SOFTWARE\JavaSoft\Java Runtime Environment\1.7
Match:		SOFTWARE\JavaSoft\Java Runtime Environment\1.7.0_25
Using 64-bit runtime.
64-bit search:	SOFTWARE\JavaSoft\Java Development Kit...
Ignore:		SOFTWARE\JavaSoft\Java Development Kit\1.7
Ignore:		SOFTWARE\JavaSoft\Java Development Kit\1.7.0_03
Using 64-bit runtime.
Check launcher:	C:\Program Files\Java\jre7\bin\javaw.exe (OK)
Launcher:	C:\Program Files\Java\jre7\bin\javaw.exe
Launcher args:	-jar "C:\Users\Braden Steffaniak\Documents\GitHub\Workspace\ArrowIDE\ArrowIDE.exe"
Args length:	82/32768 chars
Exit code:	0


CmdLine:	C:\Users\Braden Steffaniak\Documents\GitHub\Workspace\ArrowIDE\ArrowIDE.exe --l4j-debug
WOW64:		yes
Check launcher:	 (n/a)
64-bit search:	SOFTWARE\JavaSoft\Java Runtime Environment...
Ignore:		SOFTWARE\JavaSoft\Java Runtime Environment\1.6
Match:		SOFTWARE\JavaSoft\Java Runtime Environment\1.6.0_32
Match:		SOFTWARE\JavaSoft\Java Runtime Environment\1.7
Match:		SOFTWARE\JavaSoft\Java Runtime Environment\1.7.0_25
Using 64-bit runtime.
64-bit search:	SOFTWARE\JavaSoft\Java Development Kit...
Ignore:		SOFTWARE\JavaSoft\Java Development Kit\1.7
Ignore:		SOFTWARE\JavaSoft\Java Development Kit\1.7.0_03
Using 64-bit runtime.
Check launcher:	C:\Program Files\Java\jre7\bin\javaw.exe (OK)
Launcher:	C:\Program Files\Java\jre7\bin\javaw.exe
Launcher args:	-jar "C:\Users\Braden Steffaniak\Documents\GitHub\Workspace\ArrowIDE\ArrowIDE.exe"
Args length:	82/32768 chars
Exit code:	0


CmdLine:	C:\Users\Braden Steffaniak\Documents\GitHub\Workspace\ArrowIDE\ArrowIDE.exe --l4j-debug
WOW64:		yes
Check launcher:	 (n/a)
64-bit search:	SOFTWARE\JavaSoft\Java Runtime Environment...
Ignore:		SOFTWARE\JavaSoft\Java Runtime Environment\1.6
Match:		SOFTWARE\JavaSoft\Java Runtime Environment\1.6.0_32
Match:		SOFTWARE\JavaSoft\Java Runtime Environment\1.7
Match:		SOFTWARE\JavaSoft\Java Runtime Environment\1.7.0_25
Using 64-bit runtime.
64-bit search:	SOFTWARE\JavaSoft\Java Development Kit...
Ignore:		SOFTWARE\JavaSoft\Java Development Kit\1.7
Ignore:		SOFTWARE\JavaSoft\Java Development Kit\1.7.0_03
Using 64-bit runtime.
Check launcher:	C:\Program Files\Java\jre7\bin\javaw.exe (OK)
Launcher:	C:\Program Files\Java\jre7\bin\javaw.exe
Launcher args:	-jar "C:\Users\Braden Steffaniak\Documents\GitHub\Workspace\ArrowIDE\ArrowIDE.exe"
Args length:	82/32768 chars
Exit code:	0


CmdLine:	C:\Users\Braden Steffaniak\Documents\GitHub\Workspace\ArrowIDE\ArrowIDE.exe --l4j-debug
WOW64:		yes
Check launcher:	 (n/a)
64-bit search:	SOFTWARE\JavaSoft\Java Runtime Environment...
Ignore:		SOFTWARE\JavaSoft\Java Runtime Environment\1.6
Match:		SOFTWARE\JavaSoft\Java Runtime Environment\1.6.0_32
Match:		SOFTWARE\JavaSoft\Java Runtime Environment\1.7
Match:		SOFTWARE\JavaSoft\Java Runtime Environment\1.7.0_25
Using 64-bit runtime.
64-bit search:	SOFTWARE\JavaSoft\Java Development Kit...
Ignore:		SOFTWARE\JavaSoft\Java Development Kit\1.7
Ignore:		SOFTWARE\JavaSoft\Java Development Kit\1.7.0_03
Using 64-bit runtime.
Check launcher:	C:\Program Files\Java\jre7\bin\javaw.exe (OK)
Launcher:	C:\Program Files\Java\jre7\bin\javaw.exe
Launcher args:	-jar "C:\Users\Braden Steffaniak\Documents\GitHub\Workspace\ArrowIDE\ArrowIDE.exe"
Args length:	82/32768 chars
Exit code:	0


CmdLine:	C:\Users\Braden Steffaniak\Documents\GitHub\Workspace\ArrowIDE\ArrowIDE.exe --l4j-debug
WOW64:		yes
Check launcher:	 (n/a)
64-bit search:	SOFTWARE\JavaSoft\Java Runtime Environment...
Ignore:		SOFTWARE\JavaSoft\Java Runtime Environment\1.6
Match:		SOFTWARE\JavaSoft\Java Runtime Environment\1.6.0_32
Match:		SOFTWARE\JavaSoft\Java Runtime Environment\1.7
Match:		SOFTWARE\JavaSoft\Java Runtime Environment\1.7.0_25
Using 64-bit runtime.
64-bit search:	SOFTWARE\JavaSoft\Java Development Kit...
Ignore:		SOFTWARE\JavaSoft\Java Development Kit\1.7
Ignore:		SOFTWARE\JavaSoft\Java Development Kit\1.7.0_03
Using 64-bit runtime.
Check launcher:	C:\Program Files\Java\jre7\bin\javaw.exe (OK)
Launcher:	C:\Program Files\Java\jre7\bin\javaw.exe
Launcher args:	-jar "C:\Users\Braden Steffaniak\Documents\GitHub\Workspace\ArrowIDE\ArrowIDE.exe"
Args length:	82/32768 chars


CmdLine:	C:\Users\Braden Steffaniak\Documents\GitHub\Workspace\ArrowIDE\ArrowIDE.exe --l4j-debug
WOW64:		yes
Check launcher:	 (n/a)
64-bit search:	SOFTWARE\JavaSoft\Java Runtime Environment...
Ignore:		SOFTWARE\JavaSoft\Java Runtime Environment\1.6
Match:		SOFTWARE\JavaSoft\Java Runtime Environment\1.6.0_32
Match:		SOFTWARE\JavaSoft\Java Runtime Environment\1.7
Match:		SOFTWARE\JavaSoft\Java Runtime Environment\1.7.0_25
Using 64-bit runtime.
64-bit search:	SOFTWARE\JavaSoft\Java Development Kit...
Ignore:		SOFTWARE\JavaSoft\Java Development Kit\1.7
Ignore:		SOFTWARE\JavaSoft\Java Development Kit\1.7.0_03
Using 64-bit runtime.
Check launcher:	C:\Program Files\Java\jre7\bin\javaw.exe (OK)
Launcher:	C:\Program Files\Java\jre7\bin\javaw.exe
Launcher args:	-jar "C:\Users\Braden Steffaniak\Documents\GitHub\Workspace\ArrowIDE\ArrowIDE.exe"
Args length:	82/32768 chars


CmdLine:	C:\Users\Braden Steffaniak\Documents\GitHub\Workspace\ArrowIDE\ArrowIDE.exe --l4j-debug
WOW64:		yes
Check launcher:	 (n/a)
64-bit search:	SOFTWARE\JavaSoft\Java Runtime Environment...
Ignore:		SOFTWARE\JavaSoft\Java Runtime Environment\1.6
Match:		SOFTWARE\JavaSoft\Java Runtime Environment\1.6.0_32
Match:		SOFTWARE\JavaSoft\Java Runtime Environment\1.7
Match:		SOFTWARE\JavaSoft\Java Runtime Environment\1.7.0_25
Using 64-bit runtime.
64-bit search:	SOFTWARE\JavaSoft\Java Development Kit...
Ignore:		SOFTWARE\JavaSoft\Java Development Kit\1.7
Ignore:		SOFTWARE\JavaSoft\Java Development Kit\1.7.0_03
Using 64-bit runtime.
Check launcher:	C:\Program Files\Java\jre7\bin\javaw.exe (OK)
Launcher:	C:\Program Files\Java\jre7\bin\javaw.exe
Launcher args:	-jar "C:\Users\Braden Steffaniak\Documents\GitHub\Workspace\ArrowIDE\ArrowIDE.exe"
Args length:	82/32768 chars
Exit code:	0


CmdLine:	C:\Users\Braden Steffaniak\Documents\GitHub\Workspace\ArrowIDE\ArrowIDE.exe --l4j-debug
WOW64:		yes
Check launcher:	 (n/a)
64-bit search:	SOFTWARE\JavaSoft\Java Runtime Environment...
Ignore:		SOFTWARE\JavaSoft\Java Runtime Environment\1.6
Match:		SOFTWARE\JavaSoft\Java Runtime Environment\1.6.0_32
Match:		SOFTWARE\JavaSoft\Java Runtime Environment\1.7
Match:		SOFTWARE\JavaSoft\Java Runtime Environment\1.7.0_25
Using 64-bit runtime.
64-bit search:	SOFTWARE\JavaSoft\Java Development Kit...
Ignore:		SOFTWARE\JavaSoft\Java Development Kit\1.7
Ignore:		SOFTWARE\JavaSoft\Java Development Kit\1.7.0_03
Using 64-bit runtime.
Check launcher:	C:\Program Files\Java\jre7\bin\javaw.exe (OK)
Launcher:	C:\Program Files\Java\jre7\bin\javaw.exe
Launcher args:	-jar "C:\Users\Braden Steffaniak\Documents\GitHub\Workspace\ArrowIDE\ArrowIDE.exe"
Args length:	82/32768 chars
Exit code:	0


CmdLine:	C:\Users\Braden Steffaniak\Documents\GitHub\Workspace\ArrowIDE\ArrowIDE.exe --l4j-debug
WOW64:		yes
Check launcher:	 (n/a)
64-bit search:	SOFTWARE\JavaSoft\Java Runtime Environment...
Ignore:		SOFTWARE\JavaSoft\Java Runtime Environment\1.6
Match:		SOFTWARE\JavaSoft\Java Runtime Environment\1.6.0_32
Match:		SOFTWARE\JavaSoft\Java Runtime Environment\1.7
Match:		SOFTWARE\JavaSoft\Java Runtime Environment\1.7.0_25
Using 64-bit runtime.
64-bit search:	SOFTWARE\JavaSoft\Java Development Kit...
Ignore:		SOFTWARE\JavaSoft\Java Development Kit\1.7
Ignore:		SOFTWARE\JavaSoft\Java Development Kit\1.7.0_03
Using 64-bit runtime.
Check launcher:	C:\Program Files\Java\jre7\bin\javaw.exe (OK)
Launcher:	C:\Program Files\Java\jre7\bin\javaw.exe
Launcher args:	-jar "C:\Users\Braden Steffaniak\Documents\GitHub\Workspace\ArrowIDE\ArrowIDE.exe"
Args length:	82/32768 chars
Exit code:	0


CmdLine:	C:\Users\Braden Steffaniak\Documents\GitHub\Workspace\ArrowIDE\ArrowIDE.exe --l4j-debug
WOW64:		yes
Check launcher:	 (n/a)
64-bit search:	SOFTWARE\JavaSoft\Java Runtime Environment...
Ignore:		SOFTWARE\JavaSoft\Java Runtime Environment\1.6
Match:		SOFTWARE\JavaSoft\Java Runtime Environment\1.6.0_32
Match:		SOFTWARE\JavaSoft\Java Runtime Environment\1.7
Match:		SOFTWARE\JavaSoft\Java Runtime Environment\1.7.0_25
Using 64-bit runtime.
64-bit search:	SOFTWARE\JavaSoft\Java Development Kit...
Ignore:		SOFTWARE\JavaSoft\Java Development Kit\1.7
Ignore:		SOFTWARE\JavaSoft\Java Development Kit\1.7.0_03
Using 64-bit runtime.
Check launcher:	C:\Program Files\Java\jre7\bin\javaw.exe (OK)
Launcher:	C:\Program Files\Java\jre7\bin\javaw.exe
Launcher args:	-jar "C:\Users\Braden Steffaniak\Documents\GitHub\Workspace\ArrowIDE\ArrowIDE.exe"
Args length:	82/32768 chars
Exit code:	0


CmdLine:	C:\Users\Braden Steffaniak\Documents\GitHub\Workspace\ArrowIDE\ArrowIDE.exe --l4j-debug
WOW64:		yes
Check launcher:	 (n/a)
64-bit search:	SOFTWARE\JavaSoft\Java Runtime Environment...
Ignore:		SOFTWARE\JavaSoft\Java Runtime Environment\1.6
Match:		SOFTWARE\JavaSoft\Java Runtime Environment\1.6.0_32
Match:		SOFTWARE\JavaSoft\Java Runtime Environment\1.7
Match:		SOFTWARE\JavaSoft\Java Runtime Environment\1.7.0_25
Using 64-bit runtime.
64-bit search:	SOFTWARE\JavaSoft\Java Development Kit...
Ignore:		SOFTWARE\JavaSoft\Java Development Kit\1.7
Ignore:		SOFTWARE\JavaSoft\Java Development Kit\1.7.0_03
Using 64-bit runtime.
Check launcher:	C:\Program Files\Java\jre7\bin\javaw.exe (OK)
Launcher:	C:\Program Files\Java\jre7\bin\javaw.exe
Launcher args:	-jar "C:\Users\Braden Steffaniak\Documents\GitHub\Workspace\ArrowIDE\ArrowIDE.exe"
Args length:	82/32768 chars
Exit code:	0


CmdLine:	C:\Users\Braden Steffaniak\Documents\GitHub\Workspace\ArrowIDE\ArrowIDE.exe --l4j-debug
WOW64:		yes
Check launcher:	 (n/a)
64-bit search:	SOFTWARE\JavaSoft\Java Runtime Environment...
Ignore:		SOFTWARE\JavaSoft\Java Runtime Environment\1.6
Match:		SOFTWARE\JavaSoft\Java Runtime Environment\1.6.0_32
Match:		SOFTWARE\JavaSoft\Java Runtime Environment\1.7
Match:		SOFTWARE\JavaSoft\Java Runtime Environment\1.7.0_25
Using 64-bit runtime.
64-bit search:	SOFTWARE\JavaSoft\Java Development Kit...
Ignore:		SOFTWARE\JavaSoft\Java Development Kit\1.7
Ignore:		SOFTWARE\JavaSoft\Java Development Kit\1.7.0_03
Using 64-bit runtime.
Check launcher:	C:\Program Files\Java\jre7\bin\javaw.exe (OK)
Launcher:	C:\Program Files\Java\jre7\bin\javaw.exe
Launcher args:	-jar "C:\Users\Braden Steffaniak\Documents\GitHub\Workspace\ArrowIDE\ArrowIDE.exe"
Args length:	82/32768 chars
Exit code:	0
